JVM Args:          
Run Args:          "--task", "MERGE_MAPPING", "--left", "C:\Users\zboland\Documents\GitHub\TowersOfTheWildModded\build\neoform\1.21-20240613.152323\config\joined.tsrg", "--right", "C:\Users\zboland\Documents\GitHub\TowersOfTheWildModded\.gradle\caches\minecraft\versions\1.21\client.txt", "--right-names", "right,left", "--classes", "--fields", "--methods", "--output", "C:\Users\zboland\Documents\GitHub\TowersOfTheWildModded\build\neoForm\neoFormJoined1.21-20240613.152323\steps\mergeMappings\output.jar"
JVM:               C:\Users\zboland\.gradle\jdks\eclipse_adoptium-21-amd64-windows\jdk-21.0.3+9\bin\java.exe
Classpath:         C:\Users\zboland\.gradle\caches\modules-2\files-2.1\net.neoforged.installertools\installertools\2.1.2\62740d5aa8f75f4a4d542d363bdda5b64a198f7a\installertools-2.1.2-fatjar.jar
Working Dir:       C:\Users\zboland\Documents\GitHub\TowersOfTheWildModded\build\neoForm\neoFormJoined1.21-20240613.152323\steps\mergeMappings
Main Class:        net.neoforged.installertools.ConsoleTool
Program log file:  C:\Users\zboland\Documents\GitHub\TowersOfTheWildModded\build\neoForm\neoFormJoined1.21-20240613.152323\steps\mergeMappings\log.log
Output file:       C:\Users\zboland\Documents\GitHub\TowersOfTheWildModded\build\neoForm\neoFormJoined1.21-20240613.152323\steps\mergeMappings\output.jar
Task: MERGE_MAPPING
Left:    C:\Users\zboland\Documents\GitHub\TowersOfTheWildModded\build\neoform\1.21-20240613.152323\config\joined.tsrg
         Reversed=false
         null
Right:   C:\Users\zboland\Documents\GitHub\TowersOfTheWildModded\.gradle\caches\minecraft\versions\1.21\client.txt
         Reversed=false
         right,left
Classes: true
Fields:  true
Methods: true
Params:  false
Output:  C:\Users\zboland\Documents\GitHub\TowersOfTheWildModded\build\neoForm\neoFormJoined1.21-20240613.152323\steps\mergeMappings\output.jar
